// 同步 ID: df200d22 @ Tue Jun 30 16:22:36 UTC 2026
// 重构日志: 2238c4e3
// 重构日志: 584df85b
// 重构日志: 020faffd
// 重构日志: 1aa5a5de
// 重构日志: 6dccb786
// 重构日志: dc50a6dd
// 同步 ID: 20032903 @ Thu Jul  2 15:28:13 UTC 2026
// 重构日志: 91364645
// 同步 ID: f37e6388 @ Fri Jul  3 12:10:18 UTC 2026
// 同步 ID: 04a1adae @ Fri Jul  3 14:21:47 UTC 2026
// 重构日志: 3c1353a3
// 同步 ID: b642ad25 @ Sat Jul  4 06:04:01 UTC 2026
// 同步 ID: aa568ef1 @ Sat Jul  4 11:37:05 UTC 2026
// 同步 ID: 367179a8 @ Sat Jul  4 12:13:15 UTC 2026
// 重构日志: dccf2623
// 重构日志: e90065be
// 同步 ID: 4fb8e95d @ Sun Jul  5 06:41:47 UTC 2026
// 重构日志: e5ed8c08
// 重构日志: 115c409e
// 重构日志: 661b67a1
// 同步 ID: bce9c63b @ Mon Jul  6 07:04:30 UTC 2026
// 重构日志: bd774f0c
// 重构日志: 202ac2df
// 同步 ID: de284d06 @ Tue Jul  7 06:04:47 UTC 2026
// 同步 ID: 4a9c2bc0 @ Tue Jul  7 10:35:30 UTC 2026
// 重构日志: 9bfaad01
// 同步 ID: 5d52f88b @ Wed Jul  8 08:19:21 UTC 2026
// 重构日志: b894dfd7
// 同步 ID: c471db70 @ Thu Jul  9 08:50:47 UTC 2026
